Using pre-set license
Built from '6000.0/staging' branch; Version is '6000.0.30f1 (62b05ba0686a) revision 6467675'; Using compiler version '193933523'; Build Type 'Release'
OS: 'Windows 11  (10.0.26100) 64bit Core' Language: 'ja' Physical Memory: 16120 MB
BatchMode: 1, IsHumanControllingUs: 0, StartBugReporterOnCrash: 0, Is64bit: 1, IsPro: 1

COMMAND LINE ARGUMENTS:
C:\Program Files\Unity\Hub\Editor\6000.0.30f1\Editor\Unity.exe
-adb2
-batchMode
-noUpm
-name
AssetImportWorker2
-projectPath
D:/Unity_Games/Tetris
-logFile
Logs/AssetImportWorker2.log
-srvPort
49965
-job-worker-count
11
-background-job-worker-count
8
-asset-garbage-collectors
1
Successfully changed project path to: D:/Unity_Games/Tetris
D:/Unity_Games/Tetris
[UnityMemory] Configuration Parameters - Can be set up in boot.config
    "memorysetup-bucket-allocator-granularity=16"
    "memorysetup-bucket-allocator-bucket-count=8"
    "memorysetup-bucket-allocator-block-size=33554432"
    "memorysetup-bucket-allocator-block-count=8"
    "memorysetup-main-allocator-block-size=16777216"
    "memorysetup-thread-allocator-block-size=16777216"
    "memorysetup-gfx-main-allocator-block-size=16777216"
    "memorysetup-gfx-thread-allocator-block-size=16777216"
    "memorysetup-cache-allocator-block-size=4194304"
    "memorysetup-typetree-allocator-block-size=2097152"
    "memorysetup-profiler-bucket-allocator-granularity=16"
    "memorysetup-profiler-bucket-allocator-bucket-count=8"
    "memorysetup-profiler-bucket-allocator-block-size=33554432"
    "memorysetup-profiler-bucket-allocator-block-count=8"
    "memorysetup-profiler-allocator-block-size=16777216"
    "memorysetup-profiler-editor-allocator-block-size=1048576"
    "memorysetup-temp-allocator-size-main=16777216"
    "memorysetup-job-temp-allocator-block-size=2097152"
    "memorysetup-job-temp-allocator-block-size-background=1048576"
    "memorysetup-job-temp-allocator-reduction-small-platforms=262144"
    "memorysetup-allocator-temp-initial-block-size-main=262144"
    "memorysetup-allocator-temp-initial-block-size-worker=262144"
    "memorysetup-temp-allocator-size-background-worker=32768"
    "memorysetup-temp-allocator-size-job-worker=262144"
    "memorysetup-temp-allocator-size-preload-manager=33554432"
    "memorysetup-temp-allocator-size-nav-mesh-worker=65536"
    "memorysetup-temp-allocator-size-audio-worker=65536"
    "memorysetup-temp-allocator-size-cloud-worker=32768"
    "memorysetup-temp-allocator-size-gi-baking-worker=262144"
    "memorysetup-temp-allocator-size-gi-baking-worker=262144"
    "memorysetup-temp-allocator-size-gi-baking-worker=262144"
    "memorysetup-temp-allocator-size-gi-baking-worker=262144"
    "memorysetup-temp-allocator-size-gi-baking-worker=262144"
    "memorysetup-temp-allocator-size-gfx=262144"
Player connection [24588]  Target information:

Player connection [24588]  * "[IP] 192.168.1.96 [Port] 0 [Flags] 2 [Guid] 3031171224 [EditorId] 3031171224 [Version] 1048832 [Id] WindowsEditor(7,Pasocon) [Debug] 1 [PackageName] WindowsEditor [ProjectName] Editor" 

Player connection [24588] Host joined multi-casting on [225.0.0.222:54997]...
Player connection [24588] Host joined alternative multi-casting on [225.0.0.222:34997]...
JobSystem: Creating JobQueue using job-worker-count value 11
[Physics::Module] Initialized fallback backend.
[Physics::Module] Id: 0xdecafbad
Library Redirect Path: Library/
[Physics::Module] Selected backend.
[Physics::Module] Name: PhysX
[Physics::Module] Id: 0xf2b8ea05
[Physics::Module] SDK Version: 4.1.2
[Physics::Module] Integration Version: 1.0.0
[Physics::Module] Threading Mode: Multi-Threaded
Refreshing native plugins compatible for Editor in 1.25 ms, found 3 plugins.
Preloading 0 native plugins for Editor in 0.00 ms.
Initialize engine version: 6000.0.30f1 (62b05ba0686a)
[Subsystems] Discovering subsystems at path C:/Program Files/Unity/Hub/Editor/6000.0.30f1/Editor/Data/Resources/UnitySubsystems
[Subsystems] Discovering subsystems at path D:/Unity_Games/Tetris/Assets
GfxDevice: creating device client; kGfxThreadingModeNonThreaded
Direct3D:
    Version:  Direct3D 11.0 [level 11.1]
    Renderer: NVIDIA GeForce RTX 4060 Laptop GPU (ID=0x28a0)
    Vendor:   NVIDIA
    VRAM:     7957 MB
    Driver:   32.0.15.6636
Initialize mono
Mono path[0] = 'C:/Program Files/Unity/Hub/Editor/6000.0.30f1/Editor/Data/Managed'
Mono path[1] = 'C:/Program Files/Unity/Hub/Editor/6000.0.30f1/Editor/Data/MonoBleedingEdge/lib/mono/unityjit-win32'
Mono config path = 'C:/Program Files/Unity/Hub/Editor/6000.0.30f1/Editor/Data/MonoBleedingEdge/etc'
Using monoOptions --debugger-agent=transport=dt_socket,embedding=1,server=y,suspend=n,address=127.0.0.1:56800
Begin MonoManager ReloadAssembly
Registering precompiled unity dll's ...
Register platform support module: C:/Program Files/Unity/Hub/Editor/6000.0.30f1/Editor/Data/PlaybackEngines/WebGLSupport/UnityEditor.WebGL.Extensions.dll
Register platform support module: C:/Program Files/Unity/Hub/Editor/6000.0.30f1/Editor/Data/PlaybackEngines/WindowsStandaloneSupport/UnityEditor.WindowsStandalone.Extensions.dll
Register platform support module: C:/Program Files/Unity/Hub/Editor/6000.0.30f1/Editor/Data/PlaybackEngines/AndroidPlayer/UnityEditor.Android.Extensions.dll
Registered in 0.003109 seconds.
- Loaded All Assemblies, in  0.291 seconds
Native extension for Android target not found
Android Extension - Scanning For ADB Devices 171 ms
Native extension for WindowsStandalone target not found
Native extension for WebGL target not found
Mono: successfully reloaded assembly
- Finished resetting the current domain, in  0.440 seconds
Domain Reload Profiling: 730ms
	BeginReloadAssembly (107ms)
		ExecutionOrderSort (0ms)
		DisableScriptedObjects (0ms)
		BackupInstance (0ms)
		ReleaseScriptingObjects (0ms)
		CreateAndSetChildDomain (1ms)
	RebuildCommonClasses (28ms)
	RebuildNativeTypeToScriptingClass (8ms)
	initialDomainReloadingComplete (37ms)
	LoadAllAssembliesAndSetupDomain (109ms)
		LoadAssemblies (105ms)
		RebuildTransferFunctionScriptingTraits (0ms)
		AnalyzeDomain (106ms)
			TypeCache.Refresh (105ms)
				TypeCache.ScanAssembly (96ms)
			BuildScriptInfoCaches (0ms)
			ResolveRequiredComponents (0ms)
	FinalizeReload (441ms)
		ReleaseScriptCaches (0ms)
		RebuildScriptCaches (0ms)
		SetupLoadedEditorAssemblies (413ms)
			LogAssemblyErrors (0ms)
			InitializePlatformSupportModulesInManaged (247ms)
			SetLoadedEditorAssemblies (3ms)
			BeforeProcessingInitializeOnLoad (37ms)
			ProcessInitializeOnLoadAttributes (82ms)
			ProcessInitializeOnLoadMethodAttributes (44ms)
			AfterProcessingInitializeOnLoad (0ms)
			EditorAssembliesLoaded (0ms)
		ExecutionOrderSort2 (0ms)
		AwakeInstancesAfterBackupRestoration (0ms)
========================================================================
Worker process is ready to serve import requests
Import Worker Mode flag is 0x00
Begin MonoManager ReloadAssembly
- Loaded All Assemblies, in  0.480 seconds
Refreshing native plugins compatible for Editor in 0.43 ms, found 3 plugins.
Native extension for Android target not found
Native extension for WindowsStandalone target not found
Native extension for WebGL target not found
Mono: successfully reloaded assembly
- Finished resetting the current domain, in  0.423 seconds
Domain Reload Profiling: 901ms
	BeginReloadAssembly (125ms)
		ExecutionOrderSort (0ms)
		DisableScriptedObjects (4ms)
		BackupInstance (0ms)
		ReleaseScriptingObjects (0ms)
		CreateAndSetChildDomain (20ms)
	RebuildCommonClasses (26ms)
	RebuildNativeTypeToScriptingClass (7ms)
	initialDomainReloadingComplete (29ms)
	LoadAllAssembliesAndSetupDomain (290ms)
		LoadAssemblies (227ms)
		RebuildTransferFunctionScriptingTraits (0ms)
		AnalyzeDomain (140ms)
			TypeCache.Refresh (109ms)
				TypeCache.ScanAssembly (98ms)
			BuildScriptInfoCaches (25ms)
			ResolveRequiredComponents (3ms)
	FinalizeReload (424ms)
		ReleaseScriptCaches (0ms)
		RebuildScriptCaches (0ms)
		SetupLoadedEditorAssemblies (349ms)
			LogAssemblyErrors (0ms)
			InitializePlatformSupportModulesInManaged (10ms)
			SetLoadedEditorAssemblies (4ms)
			BeforeProcessingInitializeOnLoad (58ms)
			ProcessInitializeOnLoadAttributes (258ms)
			ProcessInitializeOnLoadMethodAttributes (16ms)
			AfterProcessingInitializeOnLoad (3ms)
			EditorAssembliesLoaded (0ms)
		ExecutionOrderSort2 (0ms)
		AwakeInstancesAfterBackupRestoration (3ms)
Launched and connected shader compiler UnityShaderCompiler.exe after 0.01 seconds
Refreshing native plugins compatible for Editor in 0.52 ms, found 3 plugins.
Preloading 0 native plugins for Editor in 0.00 ms.
Unloading 8 Unused Serialized files (Serialized files now loaded: 0)
Unloading 3671 unused Assets / (1.0 MB). Loaded Objects now: 4159.
Memory consumption went from 87.8 MB to 86.8 MB.
Total: 4.300200 ms (FindLiveObjects: 0.263900 ms CreateObjectMapping: 0.230500 ms MarkObjects: 3.141500 ms  DeleteObjects: 0.662700 ms)

========================================================================
Received Import Request.
  Time since last request: 628.123336 seconds.
  path: Assets/Resources/Materials
  artifactKey: Guid(ddc39f03d8ebfa04593c69612b819646) Importer(815301076,1909f56bfc062723c751e8b465ee728b)
Start importing Assets/Resources/Materials using Guid(ddc39f03d8ebfa04593c69612b819646) Importer(815301076,1909f56bfc062723c751e8b465ee728b) (PreviewImporter) -> (artifact id: '4fe0491f0462f63c54d1181a615a3c10') in 0.0040168 seconds
Number of updated asset objects reloaded before import = 0Number of asset objects unloaded after import = 0

========================================================================
Received Import Request.
  Time since last request: 14.420324 seconds.
  path: Assets/Resources/Prefabs
  artifactKey: Guid(ba56b4e2242836844be8ffced571fc02) Importer(815301076,1909f56bfc062723c751e8b465ee728b)
Start importing Assets/Resources/Prefabs using Guid(ba56b4e2242836844be8ffced571fc02) Importer(815301076,1909f56bfc062723c751e8b465ee728b) (PreviewImporter) -> (artifact id: '0ddd818edb46f6b7491c196d2a3f15f4') in 0.0004226 seconds
Number of updated asset objects reloaded before import = 0Number of asset objects unloaded after import = 0

========================================================================
Received Import Request.
  Time since last request: 6.348695 seconds.
  path: Assets/Resources/Prefabs/Cube.prefab
  artifactKey: Guid(3671f7ba251d47b4d9e20f5dd07cc0ed) Importer(815301076,1909f56bfc062723c751e8b465ee728b)
Start importing Assets/Resources/Prefabs/Cube.prefab using Guid(3671f7ba251d47b4d9e20f5dd07cc0ed) Importer(815301076,1909f56bfc062723c751e8b465ee728b) (PreviewImporter) -> (artifact id: '9b791b78fc428cfc85074a3314fcdda7') in 0.1042853 seconds
Number of updated asset objects reloaded before import = 0Number of asset objects unloaded after import = 7

========================================================================
Received Import Request.
  Time since last request: 21.896459 seconds.
  path: Assets/Resources/Prefabs/I_Mino_Cube.prefab
  artifactKey: Guid(3671f7ba251d47b4d9e20f5dd07cc0ed) Importer(815301076,1909f56bfc062723c751e8b465ee728b)
Start importing Assets/Resources/Prefabs/I_Mino_Cube.prefab using Guid(3671f7ba251d47b4d9e20f5dd07cc0ed) Importer(815301076,1909f56bfc062723c751e8b465ee728b) (PreviewImporter) -> (artifact id: '3f66ea30c49e1a848e293a2f733c06fd') in 0.006733 seconds
Number of updated asset objects reloaded before import = 0Number of asset objects unloaded after import = 7

========================================================================
Received Import Request.
  Time since last request: 3.208519 seconds.
  path: Assets/Resources/Prefabs/I_Mino_Cube 1.prefab
  artifactKey: Guid(d8371ff17b33204448ff165f9658681d) Importer(815301076,1909f56bfc062723c751e8b465ee728b)
Start importing Assets/Resources/Prefabs/I_Mino_Cube 1.prefab using Guid(d8371ff17b33204448ff165f9658681d) Importer(815301076,1909f56bfc062723c751e8b465ee728b) (PreviewImporter) -> (artifact id: '3ad96176ca4f91aa2d205d876cb42be2') in 0.0055588 seconds
Number of updated asset objects reloaded before import = 0Number of asset objects unloaded after import = 7

========================================================================
Received Import Request.
  Time since last request: 14.119943 seconds.
  path: Assets/Resources/Prefabs/L_Mino_Cube.prefab
  artifactKey: Guid(d8371ff17b33204448ff165f9658681d) Importer(815301076,1909f56bfc062723c751e8b465ee728b)
Start importing Assets/Resources/Prefabs/L_Mino_Cube.prefab using Guid(d8371ff17b33204448ff165f9658681d) Importer(815301076,1909f56bfc062723c751e8b465ee728b) (PreviewImporter) -> (artifact id: 'ef85022c764a3bbc76957ed2d32f06ad') in 0.0068538 seconds
Number of updated asset objects reloaded before import = 0Number of asset objects unloaded after import = 7

========================================================================
Received Import Request.
  Time since last request: 1.846758 seconds.
  path: Assets/Resources/Prefabs/L_Mino_Cube 1.prefab
  artifactKey: Guid(86654954a8a32c64ab2b0867c36b9b4a) Importer(815301076,1909f56bfc062723c751e8b465ee728b)
Start importing Assets/Resources/Prefabs/L_Mino_Cube 1.prefab using Guid(86654954a8a32c64ab2b0867c36b9b4a) Importer(815301076,1909f56bfc062723c751e8b465ee728b) (PreviewImporter) -> (artifact id: '1cbc61a2e03e6decd3a4a69128fdcce4') in 0.0059223 seconds
Number of updated asset objects reloaded before import = 0Number of asset objects unloaded after import = 7

========================================================================
Received Import Request.
  Time since last request: 14.418587 seconds.
  path: Assets/Resources/Prefabs/O_Mino_Cube.prefab
  artifactKey: Guid(86654954a8a32c64ab2b0867c36b9b4a) Importer(815301076,1909f56bfc062723c751e8b465ee728b)
Start importing Assets/Resources/Prefabs/O_Mino_Cube.prefab using Guid(86654954a8a32c64ab2b0867c36b9b4a) Importer(815301076,1909f56bfc062723c751e8b465ee728b) (PreviewImporter) -> (artifact id: 'ab3f4ac3c67d2d2a8d2c0b9debf0f9f4') in 0.0069154 seconds
Number of updated asset objects reloaded before import = 0Number of asset objects unloaded after import = 7

========================================================================
Received Import Request.
  Time since last request: 1.443342 seconds.
  path: Assets/Resources/Prefabs/O_Mino_Cube 1.prefab
  artifactKey: Guid(696fd5ca05c4c4b46b1393da1618e7db) Importer(815301076,1909f56bfc062723c751e8b465ee728b)
Start importing Assets/Resources/Prefabs/O_Mino_Cube 1.prefab using Guid(696fd5ca05c4c4b46b1393da1618e7db) Importer(815301076,1909f56bfc062723c751e8b465ee728b) (PreviewImporter) -> (artifact id: 'e9b0cc5d2c7f3d6c9026af0c3a6ac105') in 0.0055724 seconds
Number of updated asset objects reloaded before import = 0Number of asset objects unloaded after import = 7

========================================================================
Received Import Request.
  Time since last request: 9.040060 seconds.
  path: Assets/Resources/Prefabs/T_Mino_Cube.prefab
  artifactKey: Guid(696fd5ca05c4c4b46b1393da1618e7db) Importer(815301076,1909f56bfc062723c751e8b465ee728b)
Start importing Assets/Resources/Prefabs/T_Mino_Cube.prefab using Guid(696fd5ca05c4c4b46b1393da1618e7db) Importer(815301076,1909f56bfc062723c751e8b465ee728b) (PreviewImporter) -> (artifact id: 'c2829cb052b10e5a9af495cf0c7ad5df') in 0.0072144 seconds
Number of updated asset objects reloaded before import = 0Number of asset objects unloaded after import = 7

========================================================================
Received Import Request.
  Time since last request: 2.415050 seconds.
  path: Assets/Resources/Prefabs/T_Mino_Cube 1.prefab
  artifactKey: Guid(ce4a3279c560a6e49a90e2601a128d97) Importer(815301076,1909f56bfc062723c751e8b465ee728b)
Start importing Assets/Resources/Prefabs/T_Mino_Cube 1.prefab using Guid(ce4a3279c560a6e49a90e2601a128d97) Importer(815301076,1909f56bfc062723c751e8b465ee728b) (PreviewImporter) -> (artifact id: '578198f8ca1d9c4bfcc14343dce66999') in 0.0050199 seconds
Number of updated asset objects reloaded before import = 0Number of asset objects unloaded after import = 7

========================================================================
Received Import Request.
  Time since last request: 11.592638 seconds.
  path: Assets/Resources/Prefabs/S_Mino_Cube.prefab
  artifactKey: Guid(ce4a3279c560a6e49a90e2601a128d97) Importer(815301076,1909f56bfc062723c751e8b465ee728b)
Start importing Assets/Resources/Prefabs/S_Mino_Cube.prefab using Guid(ce4a3279c560a6e49a90e2601a128d97) Importer(815301076,1909f56bfc062723c751e8b465ee728b) (PreviewImporter) -> (artifact id: '0e134f3f6fe5dc56b5b40b2bfeaba52c') in 0.0082408 seconds
Number of updated asset objects reloaded before import = 0Number of asset objects unloaded after import = 7

========================================================================
Received Import Request.
  Time since last request: 1.874531 seconds.
  path: Assets/Resources/Prefabs/S_Mino_Cube 1.prefab
  artifactKey: Guid(324c4f539e336f74da699aa076835760) Importer(815301076,1909f56bfc062723c751e8b465ee728b)
Start importing Assets/Resources/Prefabs/S_Mino_Cube 1.prefab using Guid(324c4f539e336f74da699aa076835760) Importer(815301076,1909f56bfc062723c751e8b465ee728b) (PreviewImporter) -> (artifact id: 'b3915aece7e3572d67530f4f6f7c2a1a') in 0.0048744 seconds
Number of updated asset objects reloaded before import = 0Number of asset objects unloaded after import = 7

========================================================================
Received Import Request.
  Time since last request: 11.633729 seconds.
  path: Assets/Resources/Prefabs/Z_Mino_Cube.prefab
  artifactKey: Guid(324c4f539e336f74da699aa076835760) Importer(815301076,1909f56bfc062723c751e8b465ee728b)
Start importing Assets/Resources/Prefabs/Z_Mino_Cube.prefab using Guid(324c4f539e336f74da699aa076835760) Importer(815301076,1909f56bfc062723c751e8b465ee728b) (PreviewImporter) -> (artifact id: 'a1e3f66021baf1212644f89b9a999e83') in 0.0071644 seconds
Number of updated asset objects reloaded before import = 0Number of asset objects unloaded after import = 7

========================================================================
Received Import Request.
  Time since last request: 26.756156 seconds.
  path: Assets/Resources/Prefabs/Z_Mino_Cube 1.prefab
  artifactKey: Guid(a78eafbef864f7949b50dee41c27dbfe) Importer(815301076,1909f56bfc062723c751e8b465ee728b)
Start importing Assets/Resources/Prefabs/Z_Mino_Cube 1.prefab using Guid(a78eafbef864f7949b50dee41c27dbfe) Importer(815301076,1909f56bfc062723c751e8b465ee728b) (PreviewImporter) -> (artifact id: '6a3ab597d0795f86ac4e711ceb6ee273') in 0.0057181 seconds
Number of updated asset objects reloaded before import = 0Number of asset objects unloaded after import = 7

========================================================================
Received Import Request.
  Time since last request: 11.613637 seconds.
  path: Assets/Resources/Prefabs/J_Mino_Cube.prefab
  artifactKey: Guid(a78eafbef864f7949b50dee41c27dbfe) Importer(815301076,1909f56bfc062723c751e8b465ee728b)
Start importing Assets/Resources/Prefabs/J_Mino_Cube.prefab using Guid(a78eafbef864f7949b50dee41c27dbfe) Importer(815301076,1909f56bfc062723c751e8b465ee728b) (PreviewImporter) -> (artifact id: 'c1458ee08ab717987e6bdf07dbbd2088') in 0.0061251 seconds
Number of updated asset objects reloaded before import = 0Number of asset objects unloaded after import = 7

========================================================================
Received Prepare
Begin MonoManager ReloadAssembly
- Loaded All Assemblies, in  0.568 seconds
Refreshing native plugins compatible for Editor in 0.63 ms, found 3 plugins.
Native extension for Android target not found
Native extension for WindowsStandalone target not found
Native extension for WebGL target not found
Mono: successfully reloaded assembly
- Finished resetting the current domain, in  0.645 seconds
Domain Reload Profiling: 1212ms
	BeginReloadAssembly (165ms)
		ExecutionOrderSort (0ms)
		DisableScriptedObjects (4ms)
		BackupInstance (0ms)
		ReleaseScriptingObjects (0ms)
		CreateAndSetChildDomain (34ms)
	RebuildCommonClasses (32ms)
	RebuildNativeTypeToScriptingClass (11ms)
	initialDomainReloadingComplete (25ms)
	LoadAllAssembliesAndSetupDomain (333ms)
		LoadAssemblies (285ms)
		RebuildTransferFunctionScriptingTraits (0ms)
		AnalyzeDomain (142ms)
			TypeCache.Refresh (6ms)
				TypeCache.ScanAssembly (0ms)
			BuildScriptInfoCaches (128ms)
			ResolveRequiredComponents (4ms)
	FinalizeReload (645ms)
		ReleaseScriptCaches (0ms)
		RebuildScriptCaches (0ms)
		SetupLoadedEditorAssemblies (532ms)
			LogAssemblyErrors (0ms)
			InitializePlatformSupportModulesInManaged (12ms)
			SetLoadedEditorAssemblies (4ms)
			BeforeProcessingInitializeOnLoad (90ms)
			ProcessInitializeOnLoadAttributes (389ms)
			ProcessInitializeOnLoadMethodAttributes (28ms)
			AfterProcessingInitializeOnLoad (8ms)
			EditorAssembliesLoaded (0ms)
		ExecutionOrderSort2 (0ms)
		AwakeInstancesAfterBackupRestoration (7ms)
Refreshing native plugins compatible for Editor in 1.08 ms, found 3 plugins.
Preloading 0 native plugins for Editor in 0.00 ms.
Unloading 1 Unused Serialized files (Serialized files now loaded: 0)
Unloading 3669 unused Assets / (1.1 MB). Loaded Objects now: 4172.
Memory consumption went from 91.6 MB to 90.5 MB.
Total: 5.777700 ms (FindLiveObjects: 0.305900 ms CreateObjectMapping: 0.327600 ms MarkObjects: 4.108100 ms  DeleteObjects: 1.034100 ms)

Prepare: number of updated asset objects reloaded= 0
========================================================================
Received Import Request.
  Time since last request: 129.847541 seconds.
  path: Assets/Resources/Prefabs/I_Mino_Cube.prefab
  artifactKey: Guid(3671f7ba251d47b4d9e20f5dd07cc0ed) Importer(815301076,1909f56bfc062723c751e8b465ee728b)
Start importing Assets/Resources/Prefabs/I_Mino_Cube.prefab using Guid(3671f7ba251d47b4d9e20f5dd07cc0ed) Importer(815301076,1909f56bfc062723c751e8b465ee728b) (PreviewImporter) -> (artifact id: '733245942eba0c710c8fcd0d7eebbea7') in 0.0611123 seconds
Number of updated asset objects reloaded before import = 0Number of asset objects unloaded after import = 7

========================================================================
Received Import Request.
  Time since last request: 10.694694 seconds.
  path: Assets/Resources/Prefabs/I_Mino_Cube.prefab
  artifactKey: Guid(3671f7ba251d47b4d9e20f5dd07cc0ed) Importer(815301076,1909f56bfc062723c751e8b465ee728b)
Start importing Assets/Resources/Prefabs/I_Mino_Cube.prefab using Guid(3671f7ba251d47b4d9e20f5dd07cc0ed) Importer(815301076,1909f56bfc062723c751e8b465ee728b) (PreviewImporter) -> (artifact id: 'c7af691f82befaada8a882deeefc6a63') in 0.0075777 seconds
Number of updated asset objects reloaded before import = 0Number of asset objects unloaded after import = 7

========================================================================
Received Import Request.
  Time since last request: 5.764069 seconds.
  path: Assets/Resources/Prefabs/J_Mino_Cube.prefab
  artifactKey: Guid(a78eafbef864f7949b50dee41c27dbfe) Importer(815301076,1909f56bfc062723c751e8b465ee728b)
Start importing Assets/Resources/Prefabs/J_Mino_Cube.prefab using Guid(a78eafbef864f7949b50dee41c27dbfe) Importer(815301076,1909f56bfc062723c751e8b465ee728b) (PreviewImporter) -> (artifact id: 'd4becf2880918108c6f89d631deb011c') in 0.0059784 seconds
Number of updated asset objects reloaded before import = 0Number of asset objects unloaded after import = 7

========================================================================
Received Import Request.
  Time since last request: 3.854627 seconds.
  path: Assets/Resources/Prefabs/J_Mino_Cube.prefab
  artifactKey: Guid(a78eafbef864f7949b50dee41c27dbfe) Importer(815301076,1909f56bfc062723c751e8b465ee728b)
Start importing Assets/Resources/Prefabs/J_Mino_Cube.prefab using Guid(a78eafbef864f7949b50dee41c27dbfe) Importer(815301076,1909f56bfc062723c751e8b465ee728b) (PreviewImporter) -> (artifact id: 'ac414257627b813bc1716901ad55d558') in 0.0077586 seconds
Number of updated asset objects reloaded before import = 0Number of asset objects unloaded after import = 7

========================================================================
Received Import Request.
  Time since last request: 9.293470 seconds.
  path: Assets/Resources/Prefabs/L_Mino_Cube.prefab
  artifactKey: Guid(d8371ff17b33204448ff165f9658681d) Importer(815301076,1909f56bfc062723c751e8b465ee728b)
Start importing Assets/Resources/Prefabs/L_Mino_Cube.prefab using Guid(d8371ff17b33204448ff165f9658681d) Importer(815301076,1909f56bfc062723c751e8b465ee728b) (PreviewImporter) -> (artifact id: '38acd2b0b6e8ae2ae1bc2a985c70a1cd') in 0.0086844 seconds
Number of updated asset objects reloaded before import = 0Number of asset objects unloaded after import = 7

========================================================================
Received Import Request.
  Time since last request: 4.850552 seconds.
  path: Assets/Resources/Prefabs/L_Mino_Cube.prefab
  artifactKey: Guid(d8371ff17b33204448ff165f9658681d) Importer(815301076,1909f56bfc062723c751e8b465ee728b)
Start importing Assets/Resources/Prefabs/L_Mino_Cube.prefab using Guid(d8371ff17b33204448ff165f9658681d) Importer(815301076,1909f56bfc062723c751e8b465ee728b) (PreviewImporter) -> (artifact id: '8c97c89f14aa06bdfe1a073d260459a5') in 0.0065937 seconds
Number of updated asset objects reloaded before import = 0Number of asset objects unloaded after import = 7

========================================================================
Received Import Request.
  Time since last request: 3.037403 seconds.
  path: Assets/Resources/Prefabs/O_Mino_Cube.prefab
  artifactKey: Guid(86654954a8a32c64ab2b0867c36b9b4a) Importer(815301076,1909f56bfc062723c751e8b465ee728b)
Start importing Assets/Resources/Prefabs/O_Mino_Cube.prefab using Guid(86654954a8a32c64ab2b0867c36b9b4a) Importer(815301076,1909f56bfc062723c751e8b465ee728b) (PreviewImporter) -> (artifact id: '9428cb91bd797af7f5453b25b2255037') in 0.0084929 seconds
Number of updated asset objects reloaded before import = 0Number of asset objects unloaded after import = 7

========================================================================
Received Import Request.
  Time since last request: 5.423794 seconds.
  path: Assets/Resources/Prefabs/O_Mino_Cube.prefab
  artifactKey: Guid(86654954a8a32c64ab2b0867c36b9b4a) Importer(815301076,1909f56bfc062723c751e8b465ee728b)
Start importing Assets/Resources/Prefabs/O_Mino_Cube.prefab using Guid(86654954a8a32c64ab2b0867c36b9b4a) Importer(815301076,1909f56bfc062723c751e8b465ee728b) (PreviewImporter) -> (artifact id: '302474972584833218913d8ed4cbd3ad') in 0.0083682 seconds
Number of updated asset objects reloaded before import = 0Number of asset objects unloaded after import = 7

========================================================================
Received Import Request.
  Time since last request: 1.866935 seconds.
  path: Assets/Resources/Prefabs/S_Mino_Cube.prefab
  artifactKey: Guid(ce4a3279c560a6e49a90e2601a128d97) Importer(815301076,1909f56bfc062723c751e8b465ee728b)
Start importing Assets/Resources/Prefabs/S_Mino_Cube.prefab using Guid(ce4a3279c560a6e49a90e2601a128d97) Importer(815301076,1909f56bfc062723c751e8b465ee728b) (PreviewImporter) -> (artifact id: '83f92f6251e83756110ef2086f4c4bf0') in 0.0046619 seconds
Number of updated asset objects reloaded before import = 0Number of asset objects unloaded after import = 7

========================================================================
Received Import Request.
  Time since last request: 5.640019 seconds.
  path: Assets/Resources/Prefabs/S_Mino_Cube.prefab
  artifactKey: Guid(ce4a3279c560a6e49a90e2601a128d97) Importer(815301076,1909f56bfc062723c751e8b465ee728b)
Start importing Assets/Resources/Prefabs/S_Mino_Cube.prefab using Guid(ce4a3279c560a6e49a90e2601a128d97) Importer(815301076,1909f56bfc062723c751e8b465ee728b) (PreviewImporter) -> (artifact id: '8e2d4873890dc26e4f539603423f4b6c') in 0.0078482 seconds
Number of updated asset objects reloaded before import = 0Number of asset objects unloaded after import = 7

========================================================================
Received Import Request.
  Time since last request: 2.021117 seconds.
  path: Assets/Resources/Prefabs/T_Mino_Cube.prefab
  artifactKey: Guid(696fd5ca05c4c4b46b1393da1618e7db) Importer(815301076,1909f56bfc062723c751e8b465ee728b)
Start importing Assets/Resources/Prefabs/T_Mino_Cube.prefab using Guid(696fd5ca05c4c4b46b1393da1618e7db) Importer(815301076,1909f56bfc062723c751e8b465ee728b) (PreviewImporter) -> (artifact id: '4c7386a4a0ea8426571b259f1d763def') in 0.0066744 seconds
Number of updated asset objects reloaded before import = 0Number of asset objects unloaded after import = 7

========================================================================
Received Import Request.
  Time since last request: 3.832106 seconds.
  path: Assets/Resources/Prefabs/T_Mino_Cube.prefab
  artifactKey: Guid(696fd5ca05c4c4b46b1393da1618e7db) Importer(815301076,1909f56bfc062723c751e8b465ee728b)
Start importing Assets/Resources/Prefabs/T_Mino_Cube.prefab using Guid(696fd5ca05c4c4b46b1393da1618e7db) Importer(815301076,1909f56bfc062723c751e8b465ee728b) (PreviewImporter) -> (artifact id: 'eec1f729e6b645c8f037d66c96b1ac45') in 0.0056539 seconds
Number of updated asset objects reloaded before import = 0Number of asset objects unloaded after import = 7

========================================================================
Received Import Request.
  Time since last request: 1.828868 seconds.
  path: Assets/Resources/Prefabs/Z_Mino_Cube.prefab
  artifactKey: Guid(324c4f539e336f74da699aa076835760) Importer(815301076,1909f56bfc062723c751e8b465ee728b)
Start importing Assets/Resources/Prefabs/Z_Mino_Cube.prefab using Guid(324c4f539e336f74da699aa076835760) Importer(815301076,1909f56bfc062723c751e8b465ee728b) (PreviewImporter) -> (artifact id: 'a03ccd743e5883b9edc3a3949553169f') in 0.0055785 seconds
Number of updated asset objects reloaded before import = 0Number of asset objects unloaded after import = 7

========================================================================
Received Import Request.
  Time since last request: 4.627034 seconds.
  path: Assets/Resources/Prefabs/Z_Mino_Cube.prefab
  artifactKey: Guid(324c4f539e336f74da699aa076835760) Importer(815301076,1909f56bfc062723c751e8b465ee728b)
Start importing Assets/Resources/Prefabs/Z_Mino_Cube.prefab using Guid(324c4f539e336f74da699aa076835760) Importer(815301076,1909f56bfc062723c751e8b465ee728b) (PreviewImporter) -> (artifact id: 'f91a92d668df789fe3f416c93599ab28') in 0.0090513 seconds
Number of updated asset objects reloaded before import = 0Number of asset objects unloaded after import = 7

========================================================================
Received Import Request.
  Time since last request: 132.448651 seconds.
  path: Packages/com.unity.inputsystem/InputSystem/Plugins/PlayerInput/DefaultInputActions.inputactions
  artifactKey: Guid(ca9f5fa95ffab41fb9a615ab714db018) Importer(815301076,1909f56bfc062723c751e8b465ee728b)
Start importing Packages/com.unity.inputsystem/InputSystem/Plugins/PlayerInput/DefaultInputActions.inputactions using Guid(ca9f5fa95ffab41fb9a615ab714db018) Importer(815301076,1909f56bfc062723c751e8b465ee728b) (PreviewImporter) -> (artifact id: 'c183b074dd58131766214504a98a46c8') in 0.0031912 seconds
Number of updated asset objects reloaded before import = 0Number of asset objects unloaded after import = 14

========================================================================
Received Import Request.
  Time since last request: 21.469689 seconds.
  path: Packages/com.unity.ugui/Runtime/UGUI/UI/Core/MaterialModifiers
  artifactKey: Guid(7c6295db74da28645bf49db58b7c9c65) Importer(815301076,1909f56bfc062723c751e8b465ee728b)
Start importing Packages/com.unity.ugui/Runtime/UGUI/UI/Core/MaterialModifiers using Guid(7c6295db74da28645bf49db58b7c9c65) Importer(815301076,1909f56bfc062723c751e8b465ee728b) (PreviewImporter) -> (artifact id: 'bc37c789f2711b2427d512414c55b78d') in 0.0005031 seconds
Number of updated asset objects reloaded before import = 0Number of asset objects unloaded after import = 0

========================================================================
Received Import Request.
  Time since last request: 136.728048 seconds.
  path: Assets/Resources/Materials/I_Mino_Mat.mat
  artifactKey: Guid(42704f3a35a50dd43a962f659302e228) Importer(815301076,1909f56bfc062723c751e8b465ee728b)
Start importing Assets/Resources/Materials/I_Mino_Mat.mat using Guid(42704f3a35a50dd43a962f659302e228) Importer(815301076,1909f56bfc062723c751e8b465ee728b) (PreviewImporter) -> (artifact id: '896fd175f3c839951465f0b2cc2e8688') in 0.0965812 seconds
Number of updated asset objects reloaded before import = 0Number of asset objects unloaded after import = 1

========================================================================
Received Import Request.
  Time since last request: 3.449292 seconds.
  path: Assets/Resources/Materials/I_Mino_Mat 1.mat
  artifactKey: Guid(ecb4df5346fcae94b959cae54d63ab6c) Importer(815301076,1909f56bfc062723c751e8b465ee728b)
Start importing Assets/Resources/Materials/I_Mino_Mat 1.mat using Guid(ecb4df5346fcae94b959cae54d63ab6c) Importer(815301076,1909f56bfc062723c751e8b465ee728b) (PreviewImporter) -> (artifact id: 'e8a477026265c6cf11bac410c26391ef') in 0.0207439 seconds
Number of updated asset objects reloaded before import = 0Number of asset objects unloaded after import = 1

========================================================================
Received Import Request.
  Time since last request: 8.406222 seconds.
  path: Assets/Resources/Materials/L_Mino_Mat.mat
  artifactKey: Guid(ecb4df5346fcae94b959cae54d63ab6c) Importer(815301076,1909f56bfc062723c751e8b465ee728b)
Start importing Assets/Resources/Materials/L_Mino_Mat.mat using Guid(ecb4df5346fcae94b959cae54d63ab6c) Importer(815301076,1909f56bfc062723c751e8b465ee728b) (PreviewImporter) -> (artifact id: '3f5e6e008f9b6e89c76a394b3786a08d') in 0.0134214 seconds
Number of updated asset objects reloaded before import = 0Number of asset objects unloaded after import = 1

========================================================================
Received Import Request.
  Time since last request: 1.331260 seconds.
  path: Assets/Resources/Materials/L_Mino_Mat 1.mat
  artifactKey: Guid(8640eb2c627e0e44e834feaec3fe6c51) Importer(815301076,1909f56bfc062723c751e8b465ee728b)
Start importing Assets/Resources/Materials/L_Mino_Mat 1.mat using Guid(8640eb2c627e0e44e834feaec3fe6c51) Importer(815301076,1909f56bfc062723c751e8b465ee728b) (PreviewImporter) -> (artifact id: '06632875f607c0935504efacd664153a') in 0.0164721 seconds
Number of updated asset objects reloaded before import = 0Number of asset objects unloaded after import = 1

========================================================================
Received Import Request.
  Time since last request: 9.087942 seconds.
  path: Assets/Resources/Materials/O_Mino_Mat.mat
  artifactKey: Guid(8640eb2c627e0e44e834feaec3fe6c51) Importer(815301076,1909f56bfc062723c751e8b465ee728b)
Start importing Assets/Resources/Materials/O_Mino_Mat.mat using Guid(8640eb2c627e0e44e834feaec3fe6c51) Importer(815301076,1909f56bfc062723c751e8b465ee728b) (PreviewImporter) -> (artifact id: '16eaaf86c6a04fe11424898e23b7cd99') in 0.0165255 seconds
Number of updated asset objects reloaded before import = 0Number of asset objects unloaded after import = 1

========================================================================
Received Import Request.
  Time since last request: 4.519563 seconds.
  path: Assets/Resources/Materials/O_Mino_Mat 1.mat
  artifactKey: Guid(b10140fec6a907548bcc8811d3d26f0c) Importer(815301076,1909f56bfc062723c751e8b465ee728b)
Start importing Assets/Resources/Materials/O_Mino_Mat 1.mat using Guid(b10140fec6a907548bcc8811d3d26f0c) Importer(815301076,1909f56bfc062723c751e8b465ee728b) (PreviewImporter) -> (artifact id: '9fc9c08728dbe2107bfa877ddc10c8fd') in 0.01481 seconds
Number of updated asset objects reloaded before import = 0Number of asset objects unloaded after import = 1

========================================================================
Received Import Request.
  Time since last request: 9.482470 seconds.
  path: Assets/Resources/Materials/S_Mino_Mat.mat
  artifactKey: Guid(b10140fec6a907548bcc8811d3d26f0c) Importer(815301076,1909f56bfc062723c751e8b465ee728b)
Start importing Assets/Resources/Materials/S_Mino_Mat.mat using Guid(b10140fec6a907548bcc8811d3d26f0c) Importer(815301076,1909f56bfc062723c751e8b465ee728b) (PreviewImporter) -> (artifact id: 'bb24a3d10935abb64bc50560173c9556') in 0.0189652 seconds
Number of updated asset objects reloaded before import = 0Number of asset objects unloaded after import = 1

========================================================================
Received Import Request.
  Time since last request: 0.780932 seconds.
  path: Assets/Resources/Materials/S_Mino_Mat 1.mat
  artifactKey: Guid(fe91b9528a6690446a40212510f67b57) Importer(815301076,1909f56bfc062723c751e8b465ee728b)
Start importing Assets/Resources/Materials/S_Mino_Mat 1.mat using Guid(fe91b9528a6690446a40212510f67b57) Importer(815301076,1909f56bfc062723c751e8b465ee728b) (PreviewImporter) -> (artifact id: '3805e1adcc6f76d8c7ce737108fa035b') in 0.0140201 seconds
Number of updated asset objects reloaded before import = 0Number of asset objects unloaded after import = 1

========================================================================
Received Import Request.
  Time since last request: 8.432424 seconds.
  path: Assets/Resources/Materials/T_Mino_Mat.mat
  artifactKey: Guid(fe91b9528a6690446a40212510f67b57) Importer(815301076,1909f56bfc062723c751e8b465ee728b)
Start importing Assets/Resources/Materials/T_Mino_Mat.mat using Guid(fe91b9528a6690446a40212510f67b57) Importer(815301076,1909f56bfc062723c751e8b465ee728b) (PreviewImporter) -> (artifact id: 'd5f7bc63a561845a414107986b34b39b') in 0.0216697 seconds
Number of updated asset objects reloaded before import = 0Number of asset objects unloaded after import = 1

========================================================================
Received Import Request.
  Time since last request: 0.999004 seconds.
  path: Assets/Resources/Materials/T_Mino_Mat 1.mat
  artifactKey: Guid(80b57a3f98903ab448877091e02dcf9d) Importer(815301076,1909f56bfc062723c751e8b465ee728b)
Start importing Assets/Resources/Materials/T_Mino_Mat 1.mat using Guid(80b57a3f98903ab448877091e02dcf9d) Importer(815301076,1909f56bfc062723c751e8b465ee728b) (PreviewImporter) -> (artifact id: '1a10a77da742a41dc7190c71323dab9e') in 0.0149956 seconds
Number of updated asset objects reloaded before import = 0Number of asset objects unloaded after import = 1

========================================================================
Received Import Request.
  Time since last request: 8.896119 seconds.
  path: Assets/Resources/Materials/Z_Mino_Mat.mat
  artifactKey: Guid(80b57a3f98903ab448877091e02dcf9d) Importer(815301076,1909f56bfc062723c751e8b465ee728b)
Start importing Assets/Resources/Materials/Z_Mino_Mat.mat using Guid(80b57a3f98903ab448877091e02dcf9d) Importer(815301076,1909f56bfc062723c751e8b465ee728b) (PreviewImporter) -> (artifact id: 'b52725c253e9f2d49749e10d40221410') in 0.0169684 seconds
Number of updated asset objects reloaded before import = 0Number of asset objects unloaded after import = 1

========================================================================
Received Import Request.
  Time since last request: 4.191068 seconds.
  path: Assets/Resources/Materials/Z_Mino_Mat 1.mat
  artifactKey: Guid(3d3e051d3f80f594bad5828d0c5c1315) Importer(815301076,1909f56bfc062723c751e8b465ee728b)
Start importing Assets/Resources/Materials/Z_Mino_Mat 1.mat using Guid(3d3e051d3f80f594bad5828d0c5c1315) Importer(815301076,1909f56bfc062723c751e8b465ee728b) (PreviewImporter) -> (artifact id: 'c2d512f5a1187a43754493f13a1d9caf') in 0.0187671 seconds
Number of updated asset objects reloaded before import = 0Number of asset objects unloaded after import = 1

========================================================================
Received Import Request.
  Time since last request: 7.352318 seconds.
  path: Assets/Resources/Materials/J_Mino_Mat.mat
  artifactKey: Guid(3d3e051d3f80f594bad5828d0c5c1315) Importer(815301076,1909f56bfc062723c751e8b465ee728b)
Start importing Assets/Resources/Materials/J_Mino_Mat.mat using Guid(3d3e051d3f80f594bad5828d0c5c1315) Importer(815301076,1909f56bfc062723c751e8b465ee728b) (PreviewImporter) -> (artifact id: '36ea55d1b31e6f7944c8458118443c60') in 0.0161874 seconds
Number of updated asset objects reloaded before import = 0Number of asset objects unloaded after import = 1

========================================================================
Received Import Request.
  Time since last request: 150.733103 seconds.
  path: Assets/Resources/Materials/I_Mino_Mat.mat
  artifactKey: Guid(42704f3a35a50dd43a962f659302e228) Importer(815301076,1909f56bfc062723c751e8b465ee728b)
Start importing Assets/Resources/Materials/I_Mino_Mat.mat using Guid(42704f3a35a50dd43a962f659302e228) Importer(815301076,1909f56bfc062723c751e8b465ee728b) (PreviewImporter) -> (artifact id: 'a99d1baf09f9320a6363270c80fb52b1') in 0.1761578 seconds
Number of updated asset objects reloaded before import = 0Number of asset objects unloaded after import = 1

========================================================================
Received Import Request.
  Time since last request: 0.000040 seconds.
  path: Assets/Resources/Materials/O_Mino_Mat.mat
  artifactKey: Guid(8640eb2c627e0e44e834feaec3fe6c51) Importer(815301076,1909f56bfc062723c751e8b465ee728b)
Start importing Assets/Resources/Materials/O_Mino_Mat.mat using Guid(8640eb2c627e0e44e834feaec3fe6c51) Importer(815301076,1909f56bfc062723c751e8b465ee728b) (PreviewImporter) -> (artifact id: '86fe417c9a11318905225e71ab15bc53') in 0.0194754 seconds
Number of updated asset objects reloaded before import = 0Number of asset objects unloaded after import = 1

========================================================================
Received Import Request.
  Time since last request: 0.000061 seconds.
  path: Assets/Resources/Materials/L_Mino_Mat.mat
  artifactKey: Guid(ecb4df5346fcae94b959cae54d63ab6c) Importer(815301076,1909f56bfc062723c751e8b465ee728b)
Start importing Assets/Resources/Materials/L_Mino_Mat.mat using Guid(ecb4df5346fcae94b959cae54d63ab6c) Importer(815301076,1909f56bfc062723c751e8b465ee728b) (PreviewImporter) -> (artifact id: '3df309248d34820faf5dec5fb368f84e') in 0.0189317 seconds
Number of updated asset objects reloaded before import = 0Number of asset objects unloaded after import = 1

========================================================================
Received Import Request.
  Time since last request: 0.000063 seconds.
  path: Assets/Resources/Materials/T_Mino_Mat.mat
  artifactKey: Guid(fe91b9528a6690446a40212510f67b57) Importer(815301076,1909f56bfc062723c751e8b465ee728b)
Start importing Assets/Resources/Materials/T_Mino_Mat.mat using Guid(fe91b9528a6690446a40212510f67b57) Importer(815301076,1909f56bfc062723c751e8b465ee728b) (PreviewImporter) -> (artifact id: '50da57e0750b71a882bac9e8e8dbc779') in 0.0177572 seconds
Number of updated asset objects reloaded before import = 0Number of asset objects unloaded after import = 1

========================================================================
Received Import Request.
  Time since last request: 0.000042 seconds.
  path: Assets/Resources/Materials/S_Mino_Mat.mat
  artifactKey: Guid(b10140fec6a907548bcc8811d3d26f0c) Importer(815301076,1909f56bfc062723c751e8b465ee728b)
Start importing Assets/Resources/Materials/S_Mino_Mat.mat using Guid(b10140fec6a907548bcc8811d3d26f0c) Importer(815301076,1909f56bfc062723c751e8b465ee728b) (PreviewImporter) -> (artifact id: '882327b947c0c9271bac34b30759a95f') in 0.021059 seconds
Number of updated asset objects reloaded before import = 0Number of asset objects unloaded after import = 1

========================================================================
Received Import Request.
  Time since last request: 0.000034 seconds.
  path: Assets/Resources/Materials/Z_Mino_Mat.mat
  artifactKey: Guid(80b57a3f98903ab448877091e02dcf9d) Importer(815301076,1909f56bfc062723c751e8b465ee728b)
Start importing Assets/Resources/Materials/Z_Mino_Mat.mat using Guid(80b57a3f98903ab448877091e02dcf9d) Importer(815301076,1909f56bfc062723c751e8b465ee728b) (PreviewImporter) -> (artifact id: '3fcddb17c9b1c6db22020a815ef9b02b') in 0.0181172 seconds
Number of updated asset objects reloaded before import = 0Number of asset objects unloaded after import = 1

Editor requested this worker to shutdown with reason: Scaling down because of idle timeout
AssetImportWorker is now disconnected from the server
Process exiting
Exiting without the bug reporter. Application will terminate with return code 0